Arguments: 
  /Users/nimatullahrazmjo/.nvm/versions/node/v19.4.0/bin/node /Users/nimatullahrazmjo/.nvm/versions/node/v19.4.0/bin/yarn add --dev stylelint stylelint-fonfi-sass-guidelines stylelint-config-prettier stylelint-prettier prettier

PATH: 
  /opt/homebrew/bin:/opt/homebrew/sbin:/Users/nimatullahrazmjo/.platformsh/bin:/Users/nimatullahrazmjo/Library/pnpm:/Users/nimatullahrazmjo/Documents/google-cloud-sdk/bin:/Users/nimatullahrazmjo/.deno/bin:/Users/nimatullahrazmjo/.nvm/versions/node/v19.4.0/bin:/usr/local/bin:/System/Cryptexes/App/usr/bin:/usr/bin:/bin:/usr/sbin:/sbin:/opt/homebrew/bin:/opt/homebrew/sbin:/Users/nimatullahrazmjo/.platformsh/bin:/Users/nimatullahrazmjo/Library/pnpm:/Users/nimatullahrazmjo/Documents/google-cloud-sdk/bin:/Users/nimatullahrazmjo/.deno/bin:/Users/nimatullahrazmjo/.nvm/versions/node/v19.4.0/bin

Yarn version: 
  1.22.19

Node version: 
  19.4.0

Platform: 
  darwin arm64

Trace: 
  Error: https://registry.yarnpkg.com/stylelint-fonfi-sass-guidelines: Not found
      at params.callback [as _callback] (/Users/nimatullahrazmjo/.nvm/versions/node/v19.4.0/lib/node_modules/yarn/lib/cli.js:66145:18)
      at self.callback (/Users/nimatullahrazmjo/.nvm/versions/node/v19.4.0/lib/node_modules/yarn/lib/cli.js:140890:22)
      at Request.emit (node:events:513:28)
      at Request.<anonymous> (/Users/nimatullahrazmjo/.nvm/versions/node/v19.4.0/lib/node_modules/yarn/lib/cli.js:141862:10)
      at Request.emit (node:events:513:28)
      at IncomingMessage.<anonymous> (/Users/nimatullahrazmjo/.nvm/versions/node/v19.4.0/lib/node_modules/yarn/lib/cli.js:141784:12)
      at Object.onceWrapper (node:events:627:28)
      at IncomingMessage.emit (node:events:525:35)
      at endReadableNT (node:internal/streams/readable:1359:12)
      at process.processTicksAndRejections (node:internal/process/task_queues:82:21)

npm manifest: 
  {
    "name": "scss",
    "version": "1.0.0",
    "main": "index.js",
    "license": "MIT"
  }

yarn manifest: 
  No manifest

Lockfile: 
  No lockfile
